2019-12-17 11:32:36 INFO  Log:12 - Test is Starting...
2019-12-17 11:32:41 INFO  Log:17 - Test is Ending...
2019-12-17 11:44:17 INFO  Log:12 - Test is Starting...
2019-12-17 11:44:18 INFO  Log:22 - stepDefs.CreateNewPet test is starting.
2019-12-17 11:44:20 INFO  Log:22 - stepDefs.CreateNewPet test is starting.
2019-12-17 11:44:20 INFO  Log:22 - stepDefs.CreateNewPet test is starting.
2019-12-17 11:44:21 INFO  Log:22 - stepDefs.CreateNewPet test is starting.
2019-12-17 11:44:21 INFO  Log:22 - stepDefs.CreateNewPet test is starting.
2019-12-17 11:44:21 INFO  Log:22 - stepDefs.CreateNewPet test is starting.
2019-12-17 11:44:23 INFO  Log:17 - Test is Ending...
2019-12-17 11:52:14 INFO  Log:12 - Test is Starting...
2019-12-17 11:52:20 INFO  Log:17 - Test is Ending...
2019-12-17 13:01:00 INFO  Log:12 - Test is Starting...
2019-12-17 13:01:02 INFO  Log:22 - Test method started ~~~~~~~~~~~~~~~~~~~~~~~~
2019-12-17 13:01:07 INFO  Log:17 - Test is Ending...
2019-12-17 13:01:58 INFO  Log:12 - Test is Starting...
2019-12-17 13:02:00 INFO  Log:22 - CreateNewPetTest method started ~~~~~~~~~~~~~~~~~~~~~~~~
2019-12-17 13:02:05 INFO  Log:17 - Test is Ending...
2019-12-17 13:04:09 INFO  Log:12 - Test is Starting...
2019-12-17 13:04:14 INFO  Log:17 - Test is Ending...
2019-12-17 13:11:50 INFO  Log:12 - startLog
2019-12-17 13:11:51 INFO  Log:22 - info
2019-12-17 13:11:56 INFO  Log:17 - endLog
2019-12-17 13:12:51 INFO  Log:12 - startLog
2019-12-17 13:12:52 INFO  Log:22 - info
2019-12-17 13:12:57 INFO  Log:17 - endLog
2019-12-17 13:15:22 INFO  Log:12 - Test is Starting...
2019-12-17 13:15:23 INFO  Log:22 - CreateNewPetTest method started
2019-12-17 13:15:25 INFO  Log:22 - CreateNewPet test is starting.
2019-12-17 13:15:25 INFO  Log:22 - CreateNewPet test is starting.
2019-12-17 13:15:25 INFO  Log:22 - CreateNewPet test is starting.
2019-12-17 13:15:26 INFO  Log:22 - CreateNewPet test is starting.
2019-12-17 13:15:26 INFO  Log:22 - CreateNewPet test is starting.
2019-12-17 13:15:28 INFO  Log:17 - Test is Ending...
2019-12-18 09:19:28 INFO  Log:12 - Test is Starting...
2019-12-18 09:19:33 INFO  Log:17 - Test is Ending...
2019-12-18 09:20:05 INFO  Log:12 - Test is Starting...
2019-12-18 09:20:05 INFO  Log:17 - Test is Ending...
2019-12-18 09:26:42 INFO  Log:12 - Test is Starting...
2019-12-18 09:26:47 INFO  Log:17 - Test is Ending...
2019-12-18 09:27:49 INFO  Log:12 - Test is Starting...
2019-12-18 09:27:54 INFO  Log:17 - Test is Ending...
2019-12-18 09:29:36 INFO  Log:12 - Test is Starting...
2019-12-18 09:29:41 INFO  Log:17 - Test is Ending...
2019-12-18 09:56:52 INFO  Log:12 - Test is Starting...
2019-12-18 09:56:57 INFO  Log:17 - Test is Ending...
2019-12-18 09:58:10 INFO  Log:12 - Test is Starting...
2019-12-18 09:58:15 INFO  Log:17 - Test is Ending...
2019-12-19 11:55:39 INFO  Log:12 - Test is Starting...
2019-12-19 11:55:46 INFO  Log:17 - Test is Ending...
2019-12-19 13:13:33 INFO  Log:12 - Test is Starting...
2019-12-19 13:13:36 INFO  Log:17 - Test is Ending...
2019-12-19 13:33:44 INFO  Log:12 - Test is Starting...
2019-12-19 13:33:47 INFO  Log:17 - Test is Ending...
2019-12-19 13:48:34 INFO  Log:12 - Test is Starting...
2019-12-19 13:48:42 INFO  Log:17 - Test is Ending...
2019-12-20 10:27:43 INFO  Log:12 - Test is Starting...
2019-12-20 10:27:48 INFO  Log:17 - Test is Ending...
2019-12-20 10:45:23 INFO  Log:12 - Test is Starting...
2019-12-20 10:45:28 INFO  Log:17 - Test is Ending...
2019-12-20 10:49:14 INFO  Log:12 - Test is Starting...
2019-12-20 10:49:16 INFO  Log:17 - Test is Ending...
2019-12-20 12:39:21 INFO  Log:12 - Test is Starting...
2019-12-20 12:39:23 INFO  Log:17 - Test is Ending...
2019-12-20 12:40:06 INFO  Log:12 - Test is Starting...
2019-12-20 12:40:08 INFO  Log:17 - Test is Ending...
2019-12-20 12:44:57 INFO  Log:12 - Test is Starting...
2019-12-20 12:44:59 INFO  Log:17 - Test is Ending...
2019-12-20 12:59:59 INFO  Log:12 - Test is Starting...
2019-12-20 13:00:06 INFO  Log:17 - Test is Ending...
2019-12-20 13:07:15 INFO  Log:12 - Test is Starting...
2019-12-20 13:07:32 INFO  Log:17 - Test is Ending...
2019-12-20 13:10:38 INFO  Log:12 - Test is Starting...
2019-12-20 13:10:44 INFO  Log:17 - Test is Ending...
2019-12-20 13:12:12 INFO  Log:12 - Test is Starting...
2019-12-20 13:12:13 INFO  Log:17 - Test is Ending...
2019-12-20 13:15:34 INFO  Log:12 - Test is Starting...
2019-12-20 13:15:40 INFO  Log:17 - Test is Ending...
2019-12-20 13:16:21 INFO  Log:12 - Test is Starting...
2019-12-20 13:16:28 INFO  Log:17 - Test is Ending...
2019-12-20 13:18:15 INFO  Log:12 - Test is Starting...
2019-12-20 13:18:21 INFO  Log:17 - Test is Ending...
2019-12-20 13:19:08 INFO  Log:12 - Test is Starting...
2019-12-20 13:19:12 INFO  Log:17 - Test is Ending...
2019-12-20 13:36:18 INFO  Log:12 - Test is Starting...
2019-12-20 13:36:22 INFO  Log:17 - Test is Ending...
2019-12-20 13:37:44 INFO  Log:12 - Test is Starting...
2019-12-20 13:37:48 INFO  Log:17 - Test is Ending...
2019-12-20 13:47:49 INFO  Log:12 - Test is Starting...
2019-12-20 13:47:53 INFO  Log:17 - Test is Ending...
2019-12-20 13:57:10 INFO  Log:12 - Test is Starting...
2019-12-20 13:57:13 INFO  Log:17 - Test is Ending...
2019-12-20 14:06:44 INFO  Log:12 - Test is Starting...
2019-12-20 14:06:50 INFO  Log:17 - Test is Ending...
2019-12-20 14:07:17 INFO  Log:12 - Test is Starting...
2019-12-20 14:07:24 INFO  Log:17 - Test is Ending...
2019-12-20 15:35:02 INFO  Log:12 - Test is Starting...
2019-12-20 15:35:04 INFO  Log:17 - Test is Ending...
2019-12-20 15:37:19 INFO  Log:12 - Test is Starting...
2019-12-20 15:37:21 INFO  Log:17 - Test is Ending...
2019-12-20 23:24:49 INFO  Log:12 - Test is Starting...
2019-12-20 23:24:51 INFO  Log:17 - Test is Ending...
2019-12-20 23:29:07 INFO  Log:12 - Test is Starting...
2019-12-20 23:29:08 INFO  Log:17 - Test is Ending...
2019-12-20 23:31:31 INFO  Log:12 - Test is Starting...
2019-12-20 23:31:33 INFO  Log:17 - Test is Ending...
2019-12-21 00:11:26 INFO  Log:12 - Test is Starting...
2019-12-21 00:11:28 INFO  Log:17 - Test is Ending...
2019-12-21 00:11:49 INFO  Log:12 - Test is Starting...
2019-12-21 00:11:50 INFO  Log:17 - Test is Ending...
2019-12-21 00:23:40 INFO  Log:12 - Test is Starting...
2019-12-21 00:23:42 INFO  Log:17 - Test is Ending...
2019-12-21 00:27:37 INFO  Log:12 - Test is Starting...
2019-12-21 00:27:42 INFO  Log:17 - Test is Ending...
2019-12-21 00:39:20 INFO  Log:12 - Test is Starting...
2019-12-21 00:39:25 INFO  Log:17 - Test is Ending...
2019-12-21 00:40:21 INFO  Log:12 - Test is Starting...
2019-12-21 00:40:25 INFO  Log:17 - Test is Ending...
2019-12-21 00:42:41 INFO  Log:12 - Test is Starting...
2019-12-21 00:42:47 INFO  Log:17 - Test is Ending...
2019-12-21 00:43:14 INFO  Log:12 - Test is Starting...
2019-12-21 00:43:19 INFO  Log:17 - Test is Ending...
2019-12-21 00:44:16 INFO  Log:12 - Test is Starting...
2019-12-21 00:44:21 INFO  Log:17 - Test is Ending...
2019-12-21 00:57:44 INFO  Log:12 - Test is Starting...
2019-12-21 00:57:47 INFO  Log:17 - Test is Ending...
2019-12-21 00:58:27 INFO  Log:12 - Test is Starting...
2019-12-21 00:58:30 INFO  Log:17 - Test is Ending...
2019-12-21 00:59:46 INFO  Log:12 - Test is Starting...
2019-12-21 00:59:49 INFO  Log:17 - Test is Ending...
2019-12-21 01:01:04 INFO  Log:12 - Test is Starting...
2019-12-21 01:01:04 INFO  Log:17 - Test is Ending...
2019-12-21 01:02:06 INFO  Log:12 - Test is Starting...
2019-12-21 01:02:07 INFO  Log:22 - CreateNewPetTest method started
2019-12-21 01:02:08 INFO  Log:22 - CreateNewPet test is starting.
2019-12-21 01:02:08 INFO  Log:22 - CreateNewPet test is starting.
2019-12-21 01:02:09 INFO  Log:22 - CreateNewPet test is starting.
2019-12-21 01:02:09 INFO  Log:22 - CreateNewPet test is starting.
2019-12-21 01:02:09 INFO  Log:17 - Test is Ending...
2019-12-21 20:27:39 INFO  Log:12 - Test is Starting...
2019-12-21 20:27:40 INFO  Log:22 - CreateNewPetTest method started
2019-12-21 20:27:41 INFO  Log:22 - CreateNewPet test is starting.
2019-12-21 20:27:41 INFO  Log:22 - CreateNewPet test is starting.
2019-12-21 20:27:42 INFO  Log:22 - CreateNewPet test is starting.
2019-12-21 20:27:42 INFO  Log:22 - CreateNewPet test is starting.
2019-12-21 20:27:42 INFO  Log:17 - Test is Ending...
2019-12-21 21:01:06 INFO  Log:12 - Test is Starting...
2019-12-21 21:01:07 INFO  Log:22 - CreateNewPetTest method started
2019-12-21 21:01:08 INFO  Log:22 - CreateNewPet test is starting.
2019-12-21 21:01:08 INFO  Log:22 - CreateNewPet test is starting.
2019-12-21 21:01:09 INFO  Log:17 - Test is Ending...
2019-12-21 21:02:08 INFO  Log:12 - Test is Starting...
2019-12-21 21:02:09 INFO  Log:22 - CreateNewPetTest method started
2019-12-21 21:02:10 INFO  Log:22 - CreateNewPet test is starting.
2019-12-21 21:02:10 INFO  Log:22 - CreateNewPet test is starting.
2019-12-21 21:02:10 INFO  Log:22 - CreateNewPet test is starting.
2019-12-21 21:02:10 INFO  Log:22 - CreateNewPet test is starting.
2019-12-21 21:02:10 INFO  Log:17 - Test is Ending...
2019-12-21 21:21:02 INFO  Log:12 - Test is Starting...
2019-12-21 21:21:03 INFO  Log:22 - CreateNewPetTest method started
2019-12-21 21:21:05 INFO  Log:22 - CreateNewPet test is starting.
2019-12-21 21:21:05 INFO  Log:22 - CreateNewPet test is starting.
2019-12-21 21:21:05 INFO  Log:22 - CreateNewPet test is starting.
2019-12-21 21:21:05 INFO  Log:22 - CreateNewPet test is starting.
2019-12-21 21:21:05 INFO  Log:17 - Test is Ending...
2019-12-21 21:24:38 INFO  Log:12 - Test is Starting...
2019-12-21 21:24:40 INFO  Log:22 - CreateNewPetTest method started
2019-12-21 21:24:41 INFO  Log:22 - CreateNewPet test is starting.
2019-12-21 21:24:41 INFO  Log:22 - CreateNewPet test is starting.
2019-12-21 21:24:41 INFO  Log:22 - CreateNewPet test is starting.
2019-12-21 21:24:41 INFO  Log:22 - CreateNewPet test is starting.
2019-12-21 21:24:41 INFO  Log:17 - Test is Ending...
2019-12-21 21:25:32 INFO  Log:12 - Test is Starting...
2019-12-21 21:25:33 INFO  Log:22 - CreateNewPetTest method started
2019-12-21 21:25:35 INFO  Log:22 - CreateNewPet test is starting.
2019-12-21 21:25:35 INFO  Log:22 - CreateNewPet test is starting.
2019-12-21 21:25:35 INFO  Log:22 - CreateNewPet test is starting.
2019-12-21 21:25:35 INFO  Log:22 - CreateNewPet test is starting.
2019-12-21 21:25:35 INFO  Log:22 - CreateNewPet test is starting.
2019-12-21 21:25:35 INFO  Log:17 - Test is Ending...
2019-12-21 21:26:21 INFO  Log:12 - Test is Starting...
2019-12-21 21:26:24 INFO  Log:17 - Test is Ending...
2019-12-21 21:34:12 INFO  Log:12 - Test is Starting...
2019-12-21 21:34:15 INFO  Log:17 - Test is Ending...
2019-12-21 21:39:57 INFO  Log:12 - Test is Starting...
2019-12-21 21:40:00 INFO  Log:17 - Test is Ending...
2019-12-21 21:40:43 INFO  Log:12 - Test is Starting...
2019-12-21 21:40:46 INFO  Log:17 - Test is Ending...
2019-12-21 21:42:10 INFO  Log:12 - Test is Starting...
2019-12-21 21:42:11 INFO  Log:22 - CreateNewPetTest method started
2019-12-21 21:42:12 INFO  Log:22 - CreateNewPet test is starting.
2019-12-21 21:42:12 INFO  Log:22 - CreateNewPet test is starting.
2019-12-21 21:42:13 INFO  Log:22 - CreateNewPet test is starting.
2019-12-21 21:42:13 INFO  Log:22 - CreateNewPet test is starting.
2019-12-21 21:42:13 INFO  Log:22 - CreateNewPet test is starting.
2019-12-21 21:42:13 INFO  Log:17 - Test is Ending...
2019-12-21 21:42:31 INFO  Log:12 - Test is Starting...
2019-12-21 21:42:32 INFO  Log:22 - CreateNewPetTest method started
2019-12-21 21:42:33 INFO  Log:22 - CreateNewPet test is starting.
2019-12-21 21:42:33 INFO  Log:22 - CreateNewPet test is starting.
2019-12-21 21:42:34 INFO  Log:22 - CreateNewPet test is starting.
2019-12-21 21:42:34 INFO  Log:22 - CreateNewPet test is starting.
2019-12-21 21:42:34 INFO  Log:22 - CreateNewPet test is starting.
2019-12-21 21:42:34 INFO  Log:17 - Test is Ending...
2019-12-21 21:45:49 INFO  Log:12 - Test is Starting...
2019-12-21 21:45:50 INFO  Log:22 - CreateNewPetTest method started
2019-12-21 21:45:52 INFO  Log:22 - CreateNewPet test is starting.
2019-12-21 21:45:52 INFO  Log:22 - CreateNewPet test is starting.
2019-12-21 21:45:52 INFO  Log:22 - CreateNewPet test is starting.
2019-12-21 21:45:52 INFO  Log:22 - CreateNewPet test is starting.
2019-12-21 21:45:52 INFO  Log:22 - CreateNewPet test is starting.
2019-12-21 21:45:52 INFO  Log:17 - Test is Ending...
2019-12-21 21:49:16 INFO  Log:12 - Test is Starting...
2019-12-21 21:49:18 INFO  Log:22 - CreateNewPetTest method started
2019-12-21 21:49:19 INFO  Log:22 - CreateNewPet test is starting.
2019-12-21 21:49:19 INFO  Log:22 - CreateNewPet test is starting.
2019-12-21 21:49:20 INFO  Log:22 - CreateNewPet test is starting.
2019-12-21 21:49:20 INFO  Log:22 - CreateNewPet test is starting.
2019-12-21 21:49:20 INFO  Log:22 - CreateNewPet test is starting.
2019-12-21 21:49:24 INFO  Log:17 - Test is Ending...
2019-12-21 22:39:02 INFO  Log:12 - Test is Starting...
2019-12-21 22:39:03 INFO  Log:22 - CreateNewPetTest method started
2019-12-21 22:39:04 INFO  Log:22 - CreateNewPet test is starting.
2019-12-21 22:39:05 INFO  Log:17 - Test is Ending...
2019-12-21 22:42:16 INFO  Log:12 - Test is Starting...
2019-12-21 22:42:18 INFO  Log:22 - CreateNewPetTest method started
2019-12-21 22:42:20 INFO  Log:22 - CreateNewPet test is starting.
2019-12-21 22:42:20 INFO  Log:22 - CreateNewPet test is starting.
2019-12-21 22:42:21 INFO  Log:22 - CreateNewPet test is starting.
2019-12-21 22:42:21 INFO  Log:22 - CreateNewPet test is starting.
2019-12-21 22:42:21 INFO  Log:22 - CreateNewPet test is starting.
2019-12-21 22:42:22 INFO  Log:17 - Test is Ending...
2019-12-21 22:45:40 INFO  Log:12 - Test is Starting...
2019-12-21 22:45:42 INFO  Log:22 - CreateNewPetTest method started
2019-12-21 22:45:45 INFO  Log:22 - CreateNewPet test is starting.
2019-12-21 22:45:45 INFO  Log:22 - CreateNewPet test is starting.
2019-12-21 22:45:45 INFO  Log:22 - CreateNewPet test is starting.
2019-12-21 22:45:46 INFO  Log:22 - CreateNewPet test is starting.
2019-12-21 22:45:46 INFO  Log:22 - CreateNewPet test is starting.
2019-12-21 22:45:51 INFO  Log:17 - Test is Ending...
2019-12-21 22:51:50 INFO  Log:12 - Test is Starting...
2019-12-21 22:51:53 INFO  Log:22 - CreateNewPetTest method started
2019-12-21 22:51:56 INFO  Log:22 - CreateNewPet test is starting.
2019-12-21 22:51:56 INFO  Log:22 - CreateNewPet test is starting.
2019-12-21 22:51:57 INFO  Log:22 - CreateNewPet test is starting.
2019-12-21 22:51:57 INFO  Log:22 - CreateNewPet test is starting.
2019-12-21 22:51:57 INFO  Log:22 - CreateNewPet test is starting.
2019-12-21 22:52:02 INFO  Log:17 - Test is Ending...
2019-12-21 22:52:55 INFO  Log:12 - Test is Starting...
2019-12-21 22:52:57 INFO  Log:22 - CreateNewPetTest method started
2019-12-21 22:53:00 INFO  Log:22 - CreateNewPet test is starting.
2019-12-21 22:53:00 INFO  Log:22 - CreateNewPet test is starting.
2019-12-21 22:53:01 INFO  Log:22 - CreateNewPet test is starting.
2019-12-21 22:53:01 INFO  Log:22 - CreateNewPet test is starting.
2019-12-21 22:53:01 INFO  Log:22 - CreateNewPet test is starting.
2019-12-21 22:53:06 INFO  Log:17 - Test is Ending...
